<?xml version="1.0" encoding="UTF-8"?>
<testng-results skipped="0" failed="0" ignored="0" total="1" passed="1">
  <reporter-output>
  </reporter-output>
  <suite name="Default suite" duration-ms="80276" started-at="2020-01-24T18:12:20 IST" finished-at="2020-01-24T18:13:40 IST">
    <groups>
    </groups>
    <test name="Default test" duration-ms="80276" started-at="2020-01-24T18:12:20 IST" finished-at="2020-01-24T18:13:40 IST">
      <class name="pickyourtrailIntializer.Pickyourtrail">
        <test-method status="PASS" signature="lauchBrowser()[pri:0, instance:pickyourtrailIntializer.Pickyourtrail@49fc609f]" name="lauchBrowser" is-config="true" duration-ms="16784" started-at="2020-01-24T18:12:20 IST" finished-at="2020-01-24T18:12:37 IST">
          <reporter-output>
          </reporter-output>
        </test-method> <!-- lauchBrowser -->
        <test-method status="PASS" signature="validatePickyourTrail()[pri:0, instance:pickyourtrailIntializer.Pickyourtrail@49fc609f]" name="validatePickyourTrail" duration-ms="58944" started-at="2020-01-24T18:12:37 IST" finished-at="2020-01-24T18:13:36 IST">
          <reporter-output>
          </reporter-output>
        </test-method> <!-- validatePickyourTrail -->
        <test-method status="PASS" signature="teardown(org.testng.ITestResult)[pri:0, instance:pickyourtrailIntializer.Pickyourtrail@49fc609f]" name="teardown" is-config="true" duration-ms="4403" started-at="2020-01-24T18:13:36 IST" finished-at="2020-01-24T18:13:40 IST">
          <params>
            <param index="0">
              <value>
                <![CDATA[[TestResult name=validatePickyourTrail status=SUCCESS method=Pickyourtrail.validatePickyourTrail()[pri:0, instance:pickyourtrailIntializer.Pickyourtrail@49fc609f] output={null}]]]>
              </value>
            </param>
          </params>
          <reporter-output>
          </reporter-output>
        </test-method> <!-- teardown -->
      </class> <!-- pickyourtrailIntializer.Pickyourtrail -->
    </test> <!-- Default test -->
  </suite> <!-- Default suite -->
</testng-results>
