<?xml version="1.0" encoding="UTF-8"?>
<!-- Generated by org.testng.reporters.JUnitXMLReporter -->
<testsuite hostname="GANESH-PC" ignored="2" name="Test" tests="26" failures="0" timestamp="2020-01-02T15:03:06 IST" time="0.202" errors="0">
  <testcase name="Thirdtestcase" time="0.015" classname="testNG.SkipTestCase"/>
  <testcase name="Fourthtestcase" time="0.002" classname="testNG.SkipTestCase"/>
  <testcase name="Fifthtestcase" time="0.002" classname="testNG.SkipTestCase"/>
  <testcase name="Sixthtestcase" time="0.002" classname="testNG.SkipTestCase"/>
  <testcase name="fifthmethod" time="0.003" classname="testNG.Dependency"/>
  <testcase name="firstmethod" time="0.003" classname="testNG.Dependency"/>
  <testcase name="fourthmehod" time="0.003" classname="testNG.Dependency"/>
  <testcase name="secondmethod" time="0.002" classname="testNG.Dependency"/>
  <testcase name="thirdmethod" time="0.003" classname="testNG.Dependency"/>
  <testcase name="Fifthtestcase" time="0.002" classname="testNG.PriorityExcecuteFullZero"/>
  <testcase name="Fourthtestcase" time="0.002" classname="testNG.PriorityExcecuteFullZero"/>
  <testcase name="Sixthtestcase" time="0.002" classname="testNG.PriorityExcecuteFullZero"/>
  <testcase name="Thirdtestcase" time="0.001" classname="testNG.PriorityExcecuteFullZero"/>
  <testcase name="firsttestcase" time="0.002" classname="testNG.PriorityExcecuteFullZero"/>
  <testcase name="secondtestcase" time="0.002" classname="testNG.PriorityExcecuteFullZero"/>
  <testcase name="Fifthtestcase" time="0.002" classname="testNG.BasicAnnotation"/>
  <testcase name="Fourthtestcase" time="0.002" classname="testNG.BasicAnnotation"/>
  <testcase name="Thirdtestcase" time="0.001" classname="testNG.BasicAnnotation"/>
  <testcase name="firsttestcase" time="0.002" classname="testNG.BasicAnnotation"/>
  <testcase name="secondtestcase" time="0.002" classname="testNG.BasicAnnotation"/>
  <testcase name="firsttestcase" time="0.002" classname="testNG.SetPriority"/>
  <testcase name="secondtestcase" time="0.001" classname="testNG.SetPriority"/>
  <testcase name="Thirdtestcase" time="0.002" classname="testNG.SetPriority"/>
  <testcase name="Fourthtestcase" time="0.002" classname="testNG.SetPriority"/>
  <testcase name="Fifthtestcase" time="0.002" classname="testNG.SetPriority"/>
  <testcase name="Sixthtestcase" time="0.001" classname="testNG.SetPriority"/>
  <testcase name="firsttestcase" time="0.0" classname="testNG.SkipTestCase">
    <ignored/>
  </testcase> <!-- firsttestcase -->
  <testcase name="secondtestcase" time="0.0" classname="testNG.SkipTestCase">
    <ignored/>
  </testcase> <!-- secondtestcase -->
</testsuite> <!-- Test -->
